<?xml version="1.0" encoding="UTF-8"?>
<!-- Generated by org.testng.reporters.JUnitXMLReporter -->
<testsuite ignored="0" hostname="DESKTOP-5SCSQD6" failures="0" tests="5" name="Test" time="15.811" errors="0" timestamp="2024-09-22T15:16:32 IST">
  <testcase classname="TestCases.TC001_AccountTest" name="Account_Registration" time="1.739"/>
  <testcase classname="TestCases.LoginclassTest" name="loinAccount" time="1.267"/>
  <testcase classname="TestCases.LoginclassTest" name="Myaccount" time="0.408"/>
  <testcase classname="TestCases.LoginclassTest" name="mouse" time="6.709"/>
  <testcase classname="TestCases.LoginclassTest" name="Monoptions" time="0.238"/>
</testsuite> <!-- Test -->
