<?xml version="1.0" encoding="UTF-8"?>
<!-- Generated by org.testng.reporters.JUnitXMLReporter -->
<testsuite ignored="0" hostname="DESKTOP-5SCSQD6" failures="0" tests="10" name="Test" time="58.661" errors="0" timestamp="2024-09-22T15:33:48 IST">
  <testcase classname="TestCases.TC0003_loginTest" name="loinDTT" time="1.715"/>
  <testcase classname="TestCases.TC0003_loginTest" name="loinDTT" time="11.063"/>
  <testcase classname="TestCases.TC0003_loginTest" name="loinDTT" time="11.235"/>
  <testcase classname="TestCases.TC0003_loginTest" name="loinDTT" time="10.902"/>
  <testcase classname="TestCases.TC0003_loginTest" name="loinDTT" time="1.925"/>
  <testcase classname="TestCases.TC001_AccountTest" name="Account_Registration" time="1.699"/>
  <testcase classname="TestCases.LoginclassTest" name="loinAccount" time="1.551"/>
  <testcase classname="TestCases.LoginclassTest" name="Myaccount" time="0.396"/>
  <testcase classname="TestCases.LoginclassTest" name="mouse" time="6.698"/>
  <testcase classname="TestCases.LoginclassTest" name="Monoptions" time="0.267"/>
</testsuite> <!-- Test -->
