<?xml version="1.0" encoding="UTF-8"?>
<testsuite xmlns:xsi="http://www.w3.org/2001/XMLSchema-instance" xsi:noNamespaceSchemaLocation="https://maven.apache.org/surefire/maven-surefire-plugin/xsd/surefire-test-report.xsd" version="3.0.2" name="TestSuite" time="59.991" tests="10" errors="0" skipped="0" failures="0">
  <properties>
[...]
</properties>
  <testcase name="loinDTT[Sridhar12@gmail.com, Sridhar@123, valid](1)" classname="TestCases.TC0003_loginTest" time="1.732">
    <system-out><![CDATA[5
3
Sridhar12@gmail.com1 0
5
Sridhar@1231 1
5
valid1 2
5
lakshmi@yahoo.com2 0
5
laxmi2 1
5
invalid2 2
5
Laksh@gmail.com3 0
5
Lakshmi3 1
5
invalid3 2
5
ram123@gmail.com4 0
5
ram4 1
5
invalid4 2
5
abc123@gmail.com5 0
5
test@1235 1
5
valid5 2
5
]]></system-out>
    <system-err><![CDATA[SLF4J: Failed to load class "org.slf4j.impl.StaticLoggerBinder".
SLF4J: Defaulting to no-operation (NOP) logger implementation
SLF4J: See http://www.slf4j.org/codes.html#StaticLoggerBinder for further details.
Sep 22, 2024 3:32:51 PM org.openqa.selenium.devtools.CdpVersionFinder findNearestMatch
WARNING: Unable to find an exact match for CDP version 129, returning the closest version; found: 128; Please update to a Selenium version that supports CDP version 129
]]></system-err>
  </testcase>
  <testcase name="loinDTT[lakshmi@yahoo.com, laxmi, invalid](2)" classname="TestCases.TC0003_loginTest" time="11.056"/>
  <testcase name="loinDTT[Laksh@gmail.com, Lakshmi, invalid](3)" classname="TestCases.TC0003_loginTest" time="11.237"/>
  <testcase name="loinDTT[ram123@gmail.com, ram, invalid](4)" classname="TestCases.TC0003_loginTest" time="10.905"/>
  <testcase name="loinDTT[abc123@gmail.com, test@123, valid](5)" classname="TestCases.TC0003_loginTest" time="1.92"/>
  <testcase name="Account_Registration" classname="TestCases.TC001_AccountTest" time="1.699">
    <system-err><![CDATA[Sep 22, 2024 3:33:33 PM org.openqa.selenium.devtools.CdpVersionFinder findNearestMatch
WARNING: Unable to find an exact match for CDP version 129, returning the closest version; found: 128; Please update to a Selenium version that supports CDP version 129
]]></system-err>
  </testcase>
  <testcase name="loinAccount" classname="TestCases.LoginclassTest" time="1.551">
    <system-err><![CDATA[Sep 22, 2024 3:33:37 PM org.openqa.selenium.devtools.CdpVersionFinder findNearestMatch
WARNING: Unable to find an exact match for CDP version 129, returning the closest version; found: 128; Please update to a Selenium version that supports CDP version 129
]]></system-err>
  </testcase>
  <testcase name="Myaccount" classname="TestCases.LoginclassTest" time="0.398"/>
  <testcase name="mouse" classname="TestCases.LoginclassTest" time="6.698">
    <system-out><![CDATA[https://tutorialsninja.com/demo/index.php?route=product/category&path=25_28
]]></system-out>
  </testcase>
  <testcase name="Monoptions" classname="TestCases.LoginclassTest" time="0.268">
    <system-out><![CDATA[Default
Name (A - Z)
Name (Z - A)
Price (Low > High)
Price (High > Low)
Rating (Highest)
Rating (Lowest)
Model (A - Z)
Model (Z - A)
https://tutorialsninja.com/demo/index.php?route=account/logout
]]></system-out>
  </testcase>
</testsuite>